c:\users\mariomain\documents\github\samsim\other\netprocessing\netprocessing\debug\vc140.pdb
c:\users\mariomain\documents\github\samsim\other\netprocessing\netprocessing\debug\vc140.idb
c:\users\mariomain\documents\github\samsim\other\netprocessing\netprocessing\debug\objloader.obj
c:\users\mariomain\documents\github\samsim\other\netprocessing\netprocessing\debug\shader.obj
c:\users\mariomain\documents\github\samsim\other\netprocessing\netprocessing\debug\helper.obj
c:\users\mariomain\documents\github\samsim\other\netprocessing\netprocessing\debug\main.obj
c:\users\mariomain\documents\github\samsim\other\netprocessing\netprocessing\debug\netprocessing.obj
c:\users\mariomain\documents\github\samsim\other\netprocessing\netprocessing\debug\sar_obj.obj
c:\users\mariomain\documents\github\samsim\other\netprocessing\netprocessing\debug\simu_overview.obj
c:\users\mariomain\documents\github\samsim\other\netprocessing\netprocessing\debug\waveemit.obj
c:\users\mariomain\documents\github\samsim\other\netprocessing\debug\netprocessing.pdb
c:\users\mariomain\documents\github\samsim\other\netprocessing\netprocessing\debug\netprocessing.tlog\cl.command.1.tlog
c:\users\mariomain\documents\github\samsim\other\netprocessing\netprocessing\debug\netprocessing.tlog\cl.read.1.tlog
c:\users\mariomain\documents\github\samsim\other\netprocessing\netprocessing\debug\netprocessing.tlog\cl.write.1.tlog
c:\users\mariomain\documents\github\samsim\other\netprocessing\netprocessing\debug\netprocessing.tlog\link-cvtres.read.1.tlog
c:\users\mariomain\documents\github\samsim\other\netprocessing\netprocessing\debug\netprocessing.tlog\link-cvtres.write.1.tlog
c:\users\mariomain\documents\github\samsim\other\netprocessing\netprocessing\debug\netprocessing.tlog\link-rc.read.1.tlog
c:\users\mariomain\documents\github\samsim\other\netprocessing\netprocessing\debug\netprocessing.tlog\link-rc.write.1.tlog
c:\users\mariomain\documents\github\samsim\other\netprocessing\netprocessing\debug\netprocessing.tlog\link.command.1.tlog
c:\users\mariomain\documents\github\samsim\other\netprocessing\netprocessing\debug\netprocessing.tlog\link.read.1.tlog
c:\users\mariomain\documents\github\samsim\other\netprocessing\netprocessing\debug\netprocessing.tlog\link.write.1.tlog
